<?xml version="1.0" encoding="UTF-8"?>
<!-- Generated by org.testng.reporters.JUnitReportReporter -->
<testsuite hostname="DESKTOP-L4853CI" failures="0" tests="2" name="JSscript.Dynamic_Discount_Selenium.Test.ProductBaseDiscountTest" time="81.030" errors="0" timestamp="2024-07-19T16:51:47 BDT" skipped="0">
  <testcase classname="JSscript.Dynamic_Discount_Selenium.Test.ProductBaseDiscountTest" name="LoginTest" time="25.449"/>
  <testcase classname="JSscript.Dynamic_Discount_Selenium.Test.ProductBaseDiscountTest" name="TestforProductBaseDiscount" time="55.581"/>
</testsuite> <!-- JSscript.Dynamic_Discount_Selenium.Test.ProductBaseDiscountTest -->
