<?xml version="1.0" encoding="UTF-8"?>
<!-- Generated by org.testng.reporters.JUnitReportReporter -->
<testsuite hostname="DESKTOP-L4853CI" failures="0" tests="1" name="JSscript.Dynamic_Discount_Selenium.Test.ProductBaseDiscountTest" time="29.015" errors="0" timestamp="2024-07-13T01:53:26 BDT" skipped="0">
  <testcase classname="JSscript.Dynamic_Discount_Selenium.Test.ProductBaseDiscountTest" name="TestforProductBaseDiscount" time="29.015"/>
</testsuite> <!-- JSscript.Dynamic_Discount_Selenium.Test.ProductBaseDiscountTest -->
